<?xml version="1.0" encoding="UTF-8" ?>
<testsuite tests="1" failures="0" name="com.gr.grquickrescue.servicestest.TestQRLoginServiceManager" time="0.187" errors="1" skipped="0">
  <properties>
[...]
</properties>
  <testcase classname="com.gr.grquickrescue.servicestest.TestQRLoginServiceManager" name="TestSaveQRLoginService" time="0.187">
    <error message="query did not return a unique result: 2" type="org.hibernate.NonUniqueResultException">org.hibernate.NonUniqueResultException: query did not return a unique result: 2
	at org.hibernate.internal.AbstractQueryImpl.uniqueElement(AbstractQueryImpl.java:975)
	at org.hibernate.internal.CriteriaImpl.uniqueResult(CriteriaImpl.java:402)
	at com.gr.grquickrescue.dao.QRLoginDaoHibernateImpl.findLoginByUsername(QRLoginDaoHibernateImpl.java:12)
	at com.gr.grquickrescue.services.QRLoginService.findLoginByUsername(QRLoginService.java:56)
	at com.gr.grquickrescue.servicestest.TestQRLoginServiceManager.TestSaveQRLoginService(TestQRLoginServiceManager.java:30)
	at sun.reflect.NativeMethodAccessorImpl.invoke0(Native Method)
	at sun.reflect.NativeMethodAccessorImpl.invoke(NativeMethodAccessorImpl.java:62)
	at sun.reflect.DelegatingMethodAccessorImpl.invoke(DelegatingMethodAccessorImpl.java:43)
	at java.lang.reflect.Method.invoke(Method.java:498)
	at org.junit.runners.model.FrameworkMethod$1.runReflectiveCall(FrameworkMethod.java:50)
	at org.junit.internal.runners.model.ReflectiveCallable.run(ReflectiveCallable.java:12)
	at org.junit.runners.model.FrameworkMethod.invokeExplosively(FrameworkMethod.java:47)
	at org.junit.internal.runners.statements.InvokeMethod.evaluate(InvokeMethod.java:17)
	at org.junit.internal.runners.statements.RunBefores.evaluate(RunBefores.java:26)
	at org.junit.runners.ParentRunner.runLeaf(ParentRunner.java:325)
	at org.junit.runners.BlockJUnit4ClassRunner.runChild(BlockJUnit4ClassRunner.java:78)
	at org.junit.runners.BlockJUnit4ClassRunner.runChild(BlockJUnit4ClassRunner.java:57)
	at org.junit.runners.ParentRunner$3.run(ParentRunner.java:290)
	at org.junit.runners.ParentRunner$1.schedule(ParentRunner.java:71)
	at org.junit.runners.ParentRunner.runChildren(ParentRunner.java:288)
	at org.junit.runners.ParentRunner.access$000(ParentRunner.java:58)
	at org.junit.runners.ParentRunner$2.evaluate(ParentRunner.java:268)
	at org.junit.runners.ParentRunner.run(ParentRunner.java:363)
	at org.apache.maven.surefire.junit4.JUnit4Provider.execute(JUnit4Provider.java:252)
	at org.apache.maven.surefire.junit4.JUnit4Provider.executeTestSet(JUnit4Provider.java:141)
	at org.apache.maven.surefire.junit4.JUnit4Provider.invoke(JUnit4Provider.java:112)
	at sun.reflect.NativeMethodAccessorImpl.invoke0(Native Method)
	at sun.reflect.NativeMethodAccessorImpl.invoke(NativeMethodAccessorImpl.java:62)
	at sun.reflect.DelegatingMethodAccessorImpl.invoke(DelegatingMethodAccessorImpl.java:43)
	at java.lang.reflect.Method.invoke(Method.java:498)
	at org.apache.maven.surefire.util.ReflectionUtils.invokeMethodWithArray(ReflectionUtils.java:189)
	at org.apache.maven.surefire.booter.ProviderFactory$ProviderProxy.invoke(ProviderFactory.java:165)
	at org.apache.maven.surefire.booter.ProviderFactory.invokeProvider(ProviderFactory.java:85)
	at org.apache.maven.surefire.booter.ForkedBooter.runSuitesInProcess(ForkedBooter.java:115)
	at org.apache.maven.surefire.booter.ForkedBooter.main(ForkedBooter.java:75)
</error>
    <system-out>Hibernate: insert into QRLogin (username, password) values (?, ?)
Hibernate: select this_.id as id1_5_0_, this_.username as username2_5_0_, this_.password as password3_5_0_ from QRLogin this_ where this_.username=?
</system-out>
    <system-err>Sep 13, 2017 9:19:31 AM org.hibernate.cfg.Configuration configure
INFO: HHH000043: Configuring from resource: /hibernate.cfg.xml
Sep 13, 2017 9:19:31 AM org.hibernate.cfg.Configuration getConfigurationInputStream
INFO: HHH000040: Configuration resource: /hibernate.cfg.xml
Sep 13, 2017 9:19:31 AM org.hibernate.cfg.Configuration addResource
INFO: HHH000221: Reading mappings from resource: hbm/com/gr/grquickrescue/model/Address.hbm.xml
Sep 13, 2017 9:19:31 AM org.hibernate.cfg.Configuration addResource
INFO: HHH000221: Reading mappings from resource: hbm/com/gr/grquickrescue/model/Contact.hbm.xml
Sep 13, 2017 9:19:31 AM org.hibernate.cfg.Configuration addResource
INFO: HHH000221: Reading mappings from resource: hbm/com/gr/grquickrescue/model/Account.hbm.xml
Sep 13, 2017 9:19:31 AM org.hibernate.cfg.Configuration addResource
INFO: HHH000221: Reading mappings from resource: hbm/com/gr/grquickrescue/model/QRLogin.hbm.xml
Sep 13, 2017 9:19:31 AM org.hibernate.internal.util.xml.DTDEntityResolver resolveEntity
WARN: HHH000223: Recognized obsolete hibernate namespace http://hibernate.sourceforge.net/. Use namespace http://www.hibernate.org/dtd/ instead. Refer to Hibernate 3.6 Migration Guide!
Sep 13, 2017 9:19:31 AM org.hibernate.cfg.Configuration addResource
INFO: HHH000221: Reading mappings from resource: hbm/com/gr/grquickrescue/model/AlertProfile.hbm.xml
Sep 13, 2017 9:19:31 AM org.hibernate.internal.util.xml.DTDEntityResolver resolveEntity
WARN: HHH000223: Recognized obsolete hibernate namespace http://hibernate.sourceforge.net/. Use namespace http://www.hibernate.org/dtd/ instead. Refer to Hibernate 3.6 Migration Guide!
Sep 13, 2017 9:19:31 AM org.hibernate.cfg.Configuration addResource
INFO: HHH000221: Reading mappings from resource: hbm/com/gr/grquickrescue/model/Contract.hbm.xml
Sep 13, 2017 9:19:31 AM org.hibernate.internal.util.xml.DTDEntityResolver resolveEntity
WARN: HHH000223: Recognized obsolete hibernate namespace http://hibernate.sourceforge.net/. Use namespace http://www.hibernate.org/dtd/ instead. Refer to Hibernate 3.6 Migration Guide!
Sep 13, 2017 9:19:31 AM org.hibernate.cfg.Configuration doConfigure
INFO: HHH000041: Configured SessionFactory: null
Sep 13, 2017 9:19:31 AM org.hibernate.engine.jdbc.connections.internal.DriverManagerConnectionProviderImpl configure
WARN: HHH000402: Using Hibernate built-in connection pool (not for production use!)
Sep 13, 2017 9:19:31 AM org.hibernate.engine.jdbc.connections.internal.DriverManagerConnectionProviderImpl buildCreator
INFO: HHH000401: using driver [com.mysql.jdbc.Driver] at URL [jdbc:mysql://localhost:3306/grquickrescue?useSSL=false]
Sep 13, 2017 9:19:31 AM org.hibernate.engine.jdbc.connections.internal.DriverManagerConnectionProviderImpl buildCreator
INFO: HHH000046: Connection properties: {user=root, password=****}
Sep 13, 2017 9:19:31 AM org.hibernate.engine.jdbc.connections.internal.DriverManagerConnectionProviderImpl buildCreator
INFO: HHH000006: Autocommit mode: false
Sep 13, 2017 9:19:31 AM org.hibernate.engine.jdbc.connections.internal.DriverManagerConnectionProviderImpl configure
INFO: HHH000115: Hibernate connection pool size: 20 (min=1)
Sep 13, 2017 9:19:31 AM org.hibernate.dialect.Dialect &lt;init&gt;
INFO: HHH000400: Using dialect: org.hibernate.dialect.MySQLDialect
Sep 13, 2017 9:19:31 AM org.hibernate.engine.transaction.internal.TransactionFactoryInitiator initiateService
INFO: HHH000399: Using default transaction strategy (direct JDBC transactions)
Sep 13, 2017 9:19:31 AM org.hibernate.hql.internal.ast.ASTQueryTranslatorFactory &lt;init&gt;
INFO: HHH000397: Using ASTQueryTranslatorFactory
Sep 13, 2017 9:19:31 AM org.hibernate.cfg.Configuration configure
INFO: HHH000043: Configuring from resource: /hibernate.cfg.xml
Sep 13, 2017 9:19:31 AM org.hibernate.cfg.Configuration getConfigurationInputStream
INFO: HHH000040: Configuration resource: /hibernate.cfg.xml
Sep 13, 2017 9:19:31 AM org.hibernate.cfg.Configuration addResource
INFO: HHH000221: Reading mappings from resource: hbm/com/gr/grquickrescue/model/Address.hbm.xml
Sep 13, 2017 9:19:31 AM org.hibernate.cfg.Configuration addResource
INFO: HHH000221: Reading mappings from resource: hbm/com/gr/grquickrescue/model/Contact.hbm.xml
Sep 13, 2017 9:19:31 AM org.hibernate.cfg.Configuration addResource
INFO: HHH000221: Reading mappings from resource: hbm/com/gr/grquickrescue/model/Account.hbm.xml
Sep 13, 2017 9:19:31 AM org.hibernate.cfg.Configuration addResource
INFO: HHH000221: Reading mappings from resource: hbm/com/gr/grquickrescue/model/QRLogin.hbm.xml
Sep 13, 2017 9:19:31 AM org.hibernate.internal.util.xml.DTDEntityResolver resolveEntity
WARN: HHH000223: Recognized obsolete hibernate namespace http://hibernate.sourceforge.net/. Use namespace http://www.hibernate.org/dtd/ instead. Refer to Hibernate 3.6 Migration Guide!
Sep 13, 2017 9:19:31 AM org.hibernate.cfg.Configuration addResource
INFO: HHH000221: Reading mappings from resource: hbm/com/gr/grquickrescue/model/AlertProfile.hbm.xml
Sep 13, 2017 9:19:31 AM org.hibernate.internal.util.xml.DTDEntityResolver resolveEntity
WARN: HHH000223: Recognized obsolete hibernate namespace http://hibernate.sourceforge.net/. Use namespace http://www.hibernate.org/dtd/ instead. Refer to Hibernate 3.6 Migration Guide!
Sep 13, 2017 9:19:31 AM org.hibernate.cfg.Configuration addResource
INFO: HHH000221: Reading mappings from resource: hbm/com/gr/grquickrescue/model/Contract.hbm.xml
Sep 13, 2017 9:19:31 AM org.hibernate.internal.util.xml.DTDEntityResolver resolveEntity
WARN: HHH000223: Recognized obsolete hibernate namespace http://hibernate.sourceforge.net/. Use namespace http://www.hibernate.org/dtd/ instead. Refer to Hibernate 3.6 Migration Guide!
Sep 13, 2017 9:19:31 AM org.hibernate.cfg.Configuration doConfigure
INFO: HHH000041: Configured SessionFactory: null
Sep 13, 2017 9:19:31 AM org.hibernate.engine.jdbc.connections.internal.DriverManagerConnectionProviderImpl configure
WARN: HHH000402: Using Hibernate built-in connection pool (not for production use!)
Sep 13, 2017 9:19:31 AM org.hibernate.engine.jdbc.connections.internal.DriverManagerConnectionProviderImpl buildCreator
INFO: HHH000401: using driver [com.mysql.jdbc.Driver] at URL [jdbc:mysql://localhost:3306/grquickrescue?useSSL=false]
Sep 13, 2017 9:19:31 AM org.hibernate.engine.jdbc.connections.internal.DriverManagerConnectionProviderImpl buildCreator
INFO: HHH000046: Connection properties: {user=root, password=****}
Sep 13, 2017 9:19:31 AM org.hibernate.engine.jdbc.connections.internal.DriverManagerConnectionProviderImpl buildCreator
INFO: HHH000006: Autocommit mode: false
Sep 13, 2017 9:19:31 AM org.hibernate.engine.jdbc.connections.internal.DriverManagerConnectionProviderImpl configure
INFO: HHH000115: Hibernate connection pool size: 20 (min=1)
Sep 13, 2017 9:19:31 AM org.hibernate.dialect.Dialect &lt;init&gt;
INFO: HHH000400: Using dialect: org.hibernate.dialect.MySQLDialect
Sep 13, 2017 9:19:31 AM org.hibernate.engine.transaction.internal.TransactionFactoryInitiator initiateService
INFO: HHH000399: Using default transaction strategy (direct JDBC transactions)
Sep 13, 2017 9:19:31 AM org.hibernate.hql.internal.ast.ASTQueryTranslatorFactory &lt;init&gt;
INFO: HHH000397: Using ASTQueryTranslatorFactory
</system-err>
  </testcase>
</testsuite>